<?xml version="1.0" encoding="UTF-8"?>
<coverage generated="1665917625173" clover="3.2.0">
  <project timestamp="1665917625173" name="All files">
    <metrics statements="5" coveredstatements="3" conditionals="4" coveredconditionals="0" methods="4" coveredmethods="3" elements="13" coveredelements="6" complexity="0" loc="5" ncloc="5" packages="1" files="1" classes="1"/>
    <file name="misc.ts" path="/opt/app/src/helpers/misc.ts">
      <metrics statements="5" coveredstatements="3" conditionals="4" coveredconditionals="0" methods="4" coveredmethods="3"/>
      <line num="3" count="1" type="stmt"/>
      <line num="5" count="3" type="stmt"/>
      <line num="8" count="0" type="cond" truecount="0" falsecount="4"/>
      <line num="9" count="0" type="stmt"/>
      <line num="13" count="3" type="stmt"/>
    </file>
  </project>
</coverage>
