{"/opt/app/src/helpers/misc.ts": {"path":"/opt/app/src/helpers/misc.ts","statementMap":{"0":{"start":{"line":3,"column":25},"end":{"line":3,"column":85}},"1":{"start":{"line":3,"column":44},"end":{"line":3,"column":85}},"2":{"start":{"line":5,"column":22},"end":{"line":5,"column":109}},"3":{"start":{"line":5,"column":60},"end":{"line":5,"column":109}},"4":{"start":{"line":8,"column":2},"end":{"line":10,"column":3}},"5":{"start":{"line":9,"column":6},"end":{"line":9,"column":39}},"6":{"start":{"line":13,"column":27},"end":{"line":13,"column":99}},"7":{"start":{"line":13,"column":84},"end":{"line":13,"column":99}}},"fnMap":{"0":{"name":"(anonymous_0)","decl":{"start":{"line":3,"column":25},"end":{"line":3,"column":26}},"loc":{"start":{"line":3,"column":44},"end":{"line":3,"column":85}},"line":3},"1":{"name":"(anonymous_1)","decl":{"start":{"line":5,"column":22},"end":{"line":5,"column":23}},"loc":{"start":{"line":5,"column":60},"end":{"line":5,"column":109}},"line":5},"2":{"name":"assertIsNode","decl":{"start":{"line":7,"column":9},"end":{"line":7,"column":21}},"loc":{"start":{"line":7,"column":64},"end":{"line":11,"column":1}},"line":7},"3":{"name":"(anonymous_3)","decl":{"start":{"line":13,"column":27},"end":{"line":13,"column":28}},"loc":{"start":{"line":13,"column":84},"end":{"line":13,"column":99}},"line":13}},"branchMap":{"0":{"loc":{"start":{"line":8,"column":2},"end":{"line":10,"column":3}},"type":"if","locations":[{"start":{"line":8,"column":2},"end":{"line":10,"column":3}},{"start":{},"end":{}}],"line":8},"1":{"loc":{"start":{"line":8,"column":6},"end":{"line":8,"column":30}},"type":"binary-expr","locations":[{"start":{"line":8,"column":6},"end":{"line":8,"column":8}},{"start":{"line":8,"column":12},"end":{"line":8,"column":30}}],"line":8}},"s":{"0":1,"1":1,"2":1,"3":3,"4":0,"5":0,"6":1,"7":3},"f":{"0":1,"1":3,"2":0,"3":3},"b":{"0":[0,0],"1":[0,0]},"_coverageSchema":"1a1c01bbd47fc00a2c39e90264f33305004495a9","hash":"f9c56a05df71c25ae8299fe051a954dacc8959c9"}
}
